2026-07-13T10:39:18.012Z Bu çalıştırma için hedef vade: 31 Jul 26
2026-07-13T10:39:19.145Z [BTC] sayfaya gidiliyor: https://www.deribit.com/statistics/BTC/Metrics/Options
2026-07-13T10:39:23.786Z Tarih seçici açıldı, kullanılan selector: .base-Select-root
2026-07-13T10:39:26.789Z UYARI: "base--active" class'ı doğrulanamadı, sabit bekleme ile devam ediliyor.
2026-07-13T10:39:27.257Z Tarih seçildi: "31 Jul 26" (selector: .base-Option-root)
2026-07-13T10:39:29.761Z [BTC] Max Pain = 64000 (tarih seçimi başarılı: true)
2026-07-13T10:39:30.773Z [ETH] sayfaya gidiliyor: https://www.deribit.com/statistics/ETH/Metrics/Options
2026-07-13T10:39:34.735Z Tarih seçici açıldı, kullanılan selector: .base-Select-root
2026-07-13T10:39:37.738Z UYARI: "base--active" class'ı doğrulanamadı, sabit bekleme ile devam ediliyor.
2026-07-13T10:39:38.203Z Tarih seçildi: "31 Jul 26" (selector: .base-Option-root)
2026-07-13T10:39:40.705Z [ETH] Max Pain = 1800 (tarih seçimi başarılı: true)
2026-07-13T10:39:41.718Z [SOL] sayfaya gidiliyor: https://www.deribit.com/statistics/SOL/Metrics/Options
2026-07-13T10:39:45.830Z Tarih seçici açıldı, kullanılan selector: .base-Select-root
2026-07-13T10:39:48.832Z UYARI: "base--active" class'ı doğrulanamadı, sabit bekleme ile devam ediliyor.
2026-07-13T10:39:49.297Z Tarih seçildi: "31 Jul 26" (selector: .base-Option-root)
2026-07-13T10:39:51.800Z [SOL] Max Pain = 75 (tarih seçimi başarılı: true)
2026-07-13T10:39:52.814Z [XRP] sayfaya gidiliyor: https://www.deribit.com/statistics/XRP/Metrics/Options
2026-07-13T10:39:56.947Z Tarih seçici açıldı, kullanılan selector: .base-Select-root
2026-07-13T10:39:59.948Z UYARI: "base--active" class'ı doğrulanamadı, sabit bekleme ile devam ediliyor.
2026-07-13T10:40:00.402Z Tarih seçildi: "31 Jul 26" (selector: .base-Option-root)
2026-07-13T10:40:02.905Z [XRP] Max Pain = 1.15 (tarih seçimi başarılı: true)
2026-07-13T10:40:04.083Z 1 toplam kayıt "/home/runner/work/mxpain/mxpain/max_pain_data.json" dosyasına yazıldı.
2026-07-13T10:45:19.527Z Bu çalıştırma için hedef vade: 31 Jul 26
2026-07-13T10:45:20.482Z [BTC] sayfaya gidiliyor: https://www.deribit.com/statistics/BTC/Metrics/Options
2026-07-13T10:45:25.019Z Tarih seçici açıldı, kullanılan selector: .base-Select-root
2026-07-13T10:45:28.021Z UYARI: "base--active" class'ı doğrulanamadı, sabit bekleme ile devam ediliyor.
2026-07-13T10:45:28.485Z Tarih seçildi: "31 Jul 26" (selector: .base-Option-root)
2026-07-13T10:45:30.987Z [BTC] Max Pain = 64000 (tarih seçimi başarılı: true)
2026-07-13T10:45:31.999Z [ETH] sayfaya gidiliyor: https://www.deribit.com/statistics/ETH/Metrics/Options
2026-07-13T10:45:35.868Z Tarih seçici açıldı, kullanılan selector: .base-Select-root
2026-07-13T10:45:38.870Z UYARI: "base--active" class'ı doğrulanamadı, sabit bekleme ile devam ediliyor.
2026-07-13T10:45:39.319Z Tarih seçildi: "31 Jul 26" (selector: .base-Option-root)
2026-07-13T10:45:41.821Z [ETH] Max Pain = 1800 (tarih seçimi başarılı: true)
2026-07-13T10:45:42.836Z [SOL] sayfaya gidiliyor: https://www.deribit.com/statistics/SOL/Metrics/Options
2026-07-13T10:45:46.681Z Tarih seçici açıldı, kullanılan selector: .base-Select-root
2026-07-13T10:45:49.683Z UYARI: "base--active" class'ı doğrulanamadı, sabit bekleme ile devam ediliyor.
2026-07-13T10:45:50.129Z Tarih seçildi: "31 Jul 26" (selector: .base-Option-root)
2026-07-13T10:45:52.631Z [SOL] Max Pain = 75 (tarih seçimi başarılı: true)
2026-07-13T10:45:53.948Z [XRP] sayfaya gidiliyor: https://www.deribit.com/statistics/XRP/Metrics/Options
2026-07-13T10:45:57.778Z Tarih seçici açıldı, kullanılan selector: .base-Select-root
2026-07-13T10:46:00.780Z UYARI: "base--active" class'ı doğrulanamadı, sabit bekleme ile devam ediliyor.
2026-07-13T10:46:01.220Z Tarih seçildi: "31 Jul 26" (selector: .base-Option-root)
2026-07-13T10:46:03.722Z [XRP] Max Pain = 1.15 (tarih seçimi başarılı: true)
2026-07-13T10:46:04.795Z 1 toplam kayıt "/home/runner/work/mxpain/mxpain/solxprmxpn.json" dosyasına yazıldı.
2026-07-13T18:36:29.521Z Bu çalıştırma için hedef vade: 31 Jul 26
2026-07-13T18:36:29.567Z FATAL: Error: Failed to launch the browser process!
/root/.cache/puppeteer/chrome/linux-131.0.6778.204/chrome-linux64/chrome: error while loading shared libraries: libxkbcommon.so.0: cannot open shared object file: No such file or directory


TROUBLESHOOTING: https://pptr.dev/troubleshooting

    at Interface.onClose (/home/scraper/mxpain/node_modules/@puppeteer/browsers/lib/cjs/launch.js:314:24)
    at Interface.emit (node:events:531:35)
    at Interface.close (node:internal/readline/interface:530:10)
    at Socket.onend (node:internal/readline/interface:260:10)
    at Socket.emit (node:events:531:35)
    at endReadableNT (node:internal/streams/readable:1698:12)
    at process.processTicksAndRejections (node:internal/process/task_queues:89:21)
2026-07-13T18:37:26.098Z Bu çalıştırma için hedef vade: 31 Jul 26
2026-07-13T18:37:27.591Z [BTC] sayfaya gidiliyor: https://www.deribit.com/statistics/BTC/Metrics/Options
2026-07-13T18:37:34.771Z Tarih seçici açıldı, kullanılan selector: .base-Select-root
2026-07-13T18:37:37.777Z UYARI: "base--active" class'ı doğrulanamadı, sabit bekleme ile devam ediliyor.
2026-07-13T18:37:38.380Z Tarih seçildi: "31 Jul 26" (selector: .base-Option-root)
2026-07-13T18:37:40.887Z [BTC] Max Pain = 64000 (tarih seçimi başarılı: true)
2026-07-13T18:37:41.930Z [ETH] sayfaya gidiliyor: https://www.deribit.com/statistics/ETH/Metrics/Options
2026-07-13T18:37:48.200Z Tarih seçici açıldı, kullanılan selector: .base-Select-root
2026-07-13T18:37:51.205Z UYARI: "base--active" class'ı doğrulanamadı, sabit bekleme ile devam ediliyor.
2026-07-13T18:37:51.910Z Tarih seçildi: "31 Jul 26" (selector: .base-Option-root)
2026-07-13T18:37:54.416Z [ETH] Max Pain = 1800 (tarih seçimi başarılı: true)
2026-07-13T18:37:55.460Z [SOL] sayfaya gidiliyor: https://www.deribit.com/statistics/SOL/Metrics/Options
2026-07-13T18:38:01.483Z Tarih seçici açıldı, kullanılan selector: .base-Select-root
2026-07-13T18:38:04.500Z UYARI: "base--active" class'ı doğrulanamadı, sabit bekleme ile devam ediliyor.
2026-07-13T18:38:05.108Z Tarih seçildi: "31 Jul 26" (selector: .base-Option-root)
2026-07-13T18:38:07.613Z [SOL] Max Pain = 75 (tarih seçimi başarılı: true)
2026-07-13T18:38:08.655Z [XRP] sayfaya gidiliyor: https://www.deribit.com/statistics/XRP/Metrics/Options
2026-07-13T18:38:15.092Z Tarih seçici açıldı, kullanılan selector: .base-Select-root
2026-07-13T18:38:18.096Z UYARI: "base--active" class'ı doğrulanamadı, sabit bekleme ile devam ediliyor.
2026-07-13T18:38:18.679Z Tarih seçildi: "31 Jul 26" (selector: .base-Option-root)
2026-07-13T18:38:21.183Z [XRP] Max Pain = 1.15 (tarih seçimi başarılı: true)
2026-07-13T18:38:22.443Z 2 toplam kayıt "/home/scraper/mxpain/solxprmxpn.json" dosyasına yazıldı.
2026-07-13T18:41:07.059Z Bu çalıştırma için hedef vade: 31 Jul 26
2026-07-13T18:41:07.711Z [BTC] sayfaya gidiliyor: https://www.deribit.com/statistics/BTC/Metrics/Options
2026-07-13T18:41:14.090Z Tarih seçici açıldı, kullanılan selector: .base-Select-root
2026-07-13T18:41:17.094Z UYARI: "base--active" class'ı doğrulanamadı, sabit bekleme ile devam ediliyor.
2026-07-13T18:41:17.729Z Tarih seçildi: "31 Jul 26" (selector: .base-Option-root)
2026-07-13T18:41:20.235Z [BTC] Max Pain = 64000 (tarih seçimi başarılı: true)
2026-07-13T18:41:21.339Z [ETH] sayfaya gidiliyor: https://www.deribit.com/statistics/ETH/Metrics/Options
2026-07-13T18:41:27.332Z Tarih seçici açıldı, kullanılan selector: .base-Select-root
2026-07-13T18:41:30.337Z UYARI: "base--active" class'ı doğrulanamadı, sabit bekleme ile devam ediliyor.
2026-07-13T18:41:30.921Z Tarih seçildi: "31 Jul 26" (selector: .base-Option-root)
2026-07-13T18:41:33.428Z [ETH] Max Pain = 1800 (tarih seçimi başarılı: true)
2026-07-13T18:41:34.476Z [SOL] sayfaya gidiliyor: https://www.deribit.com/statistics/SOL/Metrics/Options
2026-07-13T18:41:41.076Z Tarih seçici açıldı, kullanılan selector: .base-Select-root
2026-07-13T18:41:44.081Z UYARI: "base--active" class'ı doğrulanamadı, sabit bekleme ile devam ediliyor.
2026-07-13T18:41:44.710Z Tarih seçildi: "31 Jul 26" (selector: .base-Option-root)
2026-07-13T18:41:47.218Z [SOL] Max Pain = 75 (tarih seçimi başarılı: true)
2026-07-13T18:41:48.265Z [XRP] sayfaya gidiliyor: https://www.deribit.com/statistics/XRP/Metrics/Options
2026-07-13T18:41:54.863Z Tarih seçici açıldı, kullanılan selector: .base-Select-root
2026-07-13T18:41:57.868Z UYARI: "base--active" class'ı doğrulanamadı, sabit bekleme ile devam ediliyor.
2026-07-13T18:41:58.587Z Tarih seçildi: "31 Jul 26" (selector: .base-Option-root)
2026-07-13T18:42:01.093Z [XRP] Max Pain = 1.15 (tarih seçimi başarılı: true)
2026-07-13T18:42:02.533Z 3 toplam kayıt "/home/scraper/mxpain/solxprmxpn.json" dosyasına yazıldı.
2026-07-13T18:44:05.474Z Bu çalıştırma için hedef vade: 31 Jul 26
2026-07-13T18:44:06.023Z [BTC] sayfaya gidiliyor: https://www.deribit.com/statistics/BTC/Metrics/Options
2026-07-13T18:44:12.460Z Tarih seçici açıldı, kullanılan selector: .base-Select-root
2026-07-13T18:44:15.465Z UYARI: "base--active" class'ı doğrulanamadı, sabit bekleme ile devam ediliyor.
2026-07-13T18:44:16.133Z Tarih seçildi: "31 Jul 26" (selector: .base-Option-root)
2026-07-13T18:44:18.639Z [BTC] Max Pain = 64000 (tarih seçimi başarılı: true)
2026-07-13T18:44:19.674Z [ETH] sayfaya gidiliyor: https://www.deribit.com/statistics/ETH/Metrics/Options
2026-07-13T18:44:25.800Z Tarih seçici açıldı, kullanılan selector: .base-Select-root
2026-07-13T18:44:28.806Z UYARI: "base--active" class'ı doğrulanamadı, sabit bekleme ile devam ediliyor.
2026-07-13T18:44:29.424Z Tarih seçildi: "31 Jul 26" (selector: .base-Option-root)
2026-07-13T18:44:31.931Z [ETH] Max Pain = 1800 (tarih seçimi başarılı: true)
2026-07-13T18:44:32.973Z [SOL] sayfaya gidiliyor: https://www.deribit.com/statistics/SOL/Metrics/Options
2026-07-13T18:44:38.934Z Tarih seçici açıldı, kullanılan selector: .base-Select-root
2026-07-13T18:44:41.941Z UYARI: "base--active" class'ı doğrulanamadı, sabit bekleme ile devam ediliyor.
2026-07-13T18:44:42.506Z Tarih seçildi: "31 Jul 26" (selector: .base-Option-root)
2026-07-13T18:44:45.013Z [SOL] Max Pain = 75 (tarih seçimi başarılı: true)
2026-07-13T18:44:46.065Z [XRP] sayfaya gidiliyor: https://www.deribit.com/statistics/XRP/Metrics/Options
2026-07-13T18:44:52.170Z Tarih seçici açıldı, kullanılan selector: .base-Select-root
2026-07-13T18:44:55.174Z UYARI: "base--active" class'ı doğrulanamadı, sabit bekleme ile devam ediliyor.
2026-07-13T18:44:55.775Z Tarih seçildi: "31 Jul 26" (selector: .base-Option-root)
2026-07-13T18:44:58.283Z [XRP] Max Pain = 1.15 (tarih seçimi başarılı: true)
2026-07-13T18:44:59.562Z 4 toplam kayıt "/home/scraper/mxpain/solxprmxpn.json" dosyasına yazıldı.
